<?xml version="1.0" encoding="UTF-8"?>
<testsuite xmlns:xsi="http://www.w3.org/2001/XMLSchema-instance" xsi:noNamespaceSchemaLocation="https://maven.apache.org/surefire/maven-failsafe-plugin/xsd/failsafe-test-report-3.0.xsd" version="3.0" name="Web - Login" time="55.41" tests="5" errors="1" skipped="0" failures="1">
  <properties>
[...]
</properties>
  <testcase name="Web - Login Success Scenario" classname="Web - Login" time="16.483">
    <system-out><![CDATA[
@web @login
Scenario: Web - Login Success Scenario &amp#27;[90m# src/test/resources/features/web/login.feature:4&amp#27;[0m
  &amp#27;[32mGiven &amp#27;[0m&amp#27;[32mYS User open the Login Page&amp#27;[0m    &amp#27;[90m# stepdefinitions.login.LoginSteps.ysUserOpenTheLoginPage()&amp#27;[0m
  &amp#27;[32mAnd &amp#27;[0m&amp#27;[32mYS User try to login&amp#27;[0m             &amp#27;[90m# stepdefinitions.login.LoginSteps.ysUserTryToLogin(java.util.List<java.util.Map<java.lang.String, java.lang.String>>)&amp#27;[0m
  &amp#27;[32mThen &amp#27;[0m&amp#27;[32mYS User should logged-in&amp#27;[0m        &amp#27;[90m# stepdefinitions.login.LoginSteps.ysUserShouldLoggedIn()&amp#27;[0m
]]></system-out>
    <system-err><![CDATA[Starting ChromeDriver 80.0.3987.106 (f68069574609230cf9b635cd784cfb1bf81bb53a-refs/branch-heads/3987@{#882}) on port 11548
Only local connections are allowed.
Please protect ports used by ChromeDriver and related test frameworks to prevent access by malicious code.
[1623767126.963][WARNING]: FromSockAddr failed on netmask
Jun 15, 2021 5:25:29 PM org.openqa.selenium.remote.ProtocolHandshake createSession
INFO: Detected dialect: W3C
Jun 15, 2021 5:25:29 PM org.openqa.selenium.devtools.CdpVersionFinder findNearestMatch
WARNING: Unable to find an exact match for CDP version 80, so returning the closest version found: a no-op implementation
Jun 15, 2021 5:25:29 PM org.openqa.selenium.devtools.CdpVersionFinder findNearestMatch
INFO: Unable to find CDP implementation matching 80.
Jun 15, 2021 5:25:29 PM org.openqa.selenium.chromium.ChromiumDriver lambda$new$0
WARNING: Unable to find version of CDP to use for . You may need to include a dependency on a specific version of the CDP using something similar to `org.seleniumhq.selenium:selenium-devtools-v86:4.0.0-alpha-7` where the version ("v86") matches the version of the chromium-based browser you're using and the version number of the artifact is the same as Selenium's.
[1623767130.206][SEVERE]: Timed out receiving message from renderer: 0.100
[1623767130.308][SEVERE]: Timed out receiving message from renderer: 0.100
[1623767130.412][SEVERE]: Timed out receiving message from renderer: 0.100
[1623767130.752][SEVERE]: Timed out receiving message from renderer: 0.100
[1623767130.853][SEVERE]: Timed out receiving message from renderer: 0.100
[1623767131.085][SEVERE]: Timed out receiving message from renderer: 0.100
[1623767131.187][SEVERE]: Timed out receiving message from renderer: 0.100
[1623767131.331][SEVERE]: Timed out receiving message from renderer: 0.100
[1623767131.432][SEVERE]: Timed out receiving message from renderer: 0.100
[1623767131.755][SEVERE]: Timed out receiving message from renderer: 0.100
[1623767131.858][SEVERE]: Timed out receiving message from renderer: 0.100
[1623767131.961][SEVERE]: Timed out receiving message from renderer: 0.100
[1623767132.062][SEVERE]: Timed out receiving message from renderer: 0.100
[1623767132.163][SEVERE]: Timed out receiving message from renderer: 0.100
[1623767132.265][SEVERE]: Timed out receiving message from renderer: 0.100
[1623767132.366][SEVERE]: Timed out receiving message from renderer: 0.100
[1623767132.467][SEVERE]: Timed out receiving message from renderer: 0.100
[1623767133.164][SEVERE]: Timed out receiving message from renderer: 0.100
[1623767133.265][SEVERE]: Timed out receiving message from renderer: 0.100
[1623767133.366][SEVERE]: Timed out receiving message from renderer: 0.100
[1623767133.519][SEVERE]: Timed out receiving message from renderer: 0.100
[1623767133.701][SEVERE]: Timed out receiving message from renderer: 0.100
[1623767133.802][SEVERE]: Timed out receiving message from renderer: 0.100
]]></system-err>
  </testcase>
  <testcase name="Web - Login Fail Scenarios #1" classname="Web - Login" time="7.343">
    <system-out><![CDATA[
@web @login
Scenario Outline: Web - Login Fail Scenarios                                                                                    &amp#27;[90m# src/test/resources/features/web/login.feature:22&amp#27;[0m
  &amp#27;[32mGiven &amp#27;[0m&amp#27;[32mYS User open the Login Page&amp#27;[0m                                                                                             &amp#27;[90m# stepdefinitions.login.LoginSteps.ysUserOpenTheLoginPage()&amp#27;[0m
  &amp#27;[32mAnd &amp#27;[0m&amp#27;[32mYS User try to login&amp#27;[0m                                                                                                      &amp#27;[90m# stepdefinitions.login.LoginSteps.ysUserTryToLogin(java.util.List<java.util.Map<java.lang.String, java.lang.String>>)&amp#27;[0m
  &amp#27;[32mThen &amp#27;[0m&amp#27;[32mYS User have fail message &amp#27;[0m&amp#27;[32m&amp#27;[1m"Hatalı giriş. Lütfen kullanıcı adı ve şifrenizi kontrol edip tekrar deneyiniz."&amp#27;[0m&amp#27;[32m at Login Page&amp#27;[0m &amp#27;[90m# stepdefinitions.login.LoginSteps.ysUserHaveFailMessageAtLoginPage(java.lang.String)&amp#27;[0m
]]></system-out>
    <system-err><![CDATA[Starting ChromeDriver 80.0.3987.106 (f68069574609230cf9b635cd784cfb1bf81bb53a-refs/branch-heads/3987@{#882}) on port 21959
Only local connections are allowed.
Please protect ports used by ChromeDriver and related test frameworks to prevent access by malicious code.
[1623767137.762][WARNING]: FromSockAddr failed on netmask
Jun 15, 2021 5:25:38 PM org.openqa.selenium.remote.ProtocolHandshake createSession
INFO: Detected dialect: W3C
Jun 15, 2021 5:25:38 PM org.openqa.selenium.devtools.CdpVersionFinder findNearestMatch
WARNING: Unable to find an exact match for CDP version 80, so returning the closest version found: a no-op implementation
Jun 15, 2021 5:25:38 PM org.openqa.selenium.devtools.CdpVersionFinder findNearestMatch
INFO: Unable to find CDP implementation matching 80.
Jun 15, 2021 5:25:38 PM org.openqa.selenium.chromium.ChromiumDriver lambda$new$0
WARNING: Unable to find version of CDP to use for . You may need to include a dependency on a specific version of the CDP using something similar to `org.seleniumhq.selenium:selenium-devtools-v86:4.0.0-alpha-7` where the version ("v86") matches the version of the chromium-based browser you're using and the version number of the artifact is the same as Selenium's.
[1623767140.697][SEVERE]: Timed out receiving message from renderer: 0.100
[1623767140.798][SEVERE]: Timed out receiving message from renderer: 0.100
[1623767140.900][SEVERE]: Timed out receiving message from renderer: 0.100
[1623767141.000][SEVERE]: Timed out receiving message from renderer: 0.100
[1623767141.102][SEVERE]: Timed out receiving message from renderer: 0.100
[1623767141.217][SEVERE]: Timed out receiving message from renderer: 0.100
[1623767141.503][SEVERE]: Timed out receiving message from renderer: 0.100
[1623767141.641][SEVERE]: Timed out receiving message from renderer: 0.100
[1623767141.838][SEVERE]: Timed out receiving message from renderer: 0.100
[1623767141.939][SEVERE]: Timed out receiving message from renderer: 0.100
[1623767142.222][SEVERE]: Timed out receiving message from renderer: 0.100
[1623767142.923][SEVERE]: Timed out receiving message from renderer: 0.100
[1623767143.024][SEVERE]: Timed out receiving message from renderer: 0.100
[1623767143.125][SEVERE]: Timed out receiving message from renderer: 0.100
[1623767143.250][SEVERE]: Timed out receiving message from renderer: 0.100
[1623767143.391][SEVERE]: Timed out receiving message from renderer: 0.100
[1623767143.492][SEVERE]: Timed out receiving message from renderer: 0.100
[1623767143.612][SEVERE]: Timed out receiving message from renderer: 0.100
[1623767143.713][SEVERE]: Timed out receiving message from renderer: 0.100
[1623767143.813][SEVERE]: Timed out receiving message from renderer: 0.100
]]></system-err>
  </testcase>
  <testcase name="Web - Login Fail Scenarios #2" classname="Web - Login" time="9.533">
    <system-out><![CDATA[
@web @login
Scenario Outline: Web - Login Fail Scenarios                                                                                    &amp#27;[90m# src/test/resources/features/web/login.feature:23&amp#27;[0m
  &amp#27;[32mGiven &amp#27;[0m&amp#27;[32mYS User open the Login Page&amp#27;[0m                                                                                             &amp#27;[90m# stepdefinitions.login.LoginSteps.ysUserOpenTheLoginPage()&amp#27;[0m
  &amp#27;[32mAnd &amp#27;[0m&amp#27;[32mYS User try to login&amp#27;[0m                                                                                                      &amp#27;[90m# stepdefinitions.login.LoginSteps.ysUserTryToLogin(java.util.List<java.util.Map<java.lang.String, java.lang.String>>)&amp#27;[0m
  &amp#27;[32mThen &amp#27;[0m&amp#27;[32mYS User have fail message &amp#27;[0m&amp#27;[32m&amp#27;[1m"Hatalı giriş. Lütfen kullanıcı adı ve şifrenizi kontrol edip tekrar deneyiniz."&amp#27;[0m&amp#27;[32m at Login Page&amp#27;[0m &amp#27;[90m# stepdefinitions.login.LoginSteps.ysUserHaveFailMessageAtLoginPage(java.lang.String)&amp#27;[0m
]]></system-out>
    <system-err><![CDATA[Starting ChromeDriver 80.0.3987.106 (f68069574609230cf9b635cd784cfb1bf81bb53a-refs/branch-heads/3987@{#882}) on port 32417
Only local connections are allowed.
Please protect ports used by ChromeDriver and related test frameworks to prevent access by malicious code.
[1623767145.427][WARNING]: FromSockAddr failed on netmask
Jun 15, 2021 5:25:47 PM org.openqa.selenium.remote.ProtocolHandshake createSession
INFO: Detected dialect: W3C
Jun 15, 2021 5:25:47 PM org.openqa.selenium.devtools.CdpVersionFinder findNearestMatch
WARNING: Unable to find an exact match for CDP version 80, so returning the closest version found: a no-op implementation
Jun 15, 2021 5:25:47 PM org.openqa.selenium.devtools.CdpVersionFinder findNearestMatch
INFO: Unable to find CDP implementation matching 80.
Jun 15, 2021 5:25:47 PM org.openqa.selenium.chromium.ChromiumDriver lambda$new$0
WARNING: Unable to find version of CDP to use for . You may need to include a dependency on a specific version of the CDP using something similar to `org.seleniumhq.selenium:selenium-devtools-v86:4.0.0-alpha-7` where the version ("v86") matches the version of the chromium-based browser you're using and the version number of the artifact is the same as Selenium's.
[1623767148.187][SEVERE]: Timed out receiving message from renderer: 0.100
[1623767148.288][SEVERE]: Timed out receiving message from renderer: 0.100
[1623767148.390][SEVERE]: Timed out receiving message from renderer: 0.100
[1623767148.843][SEVERE]: Timed out receiving message from renderer: 0.100
[1623767148.945][SEVERE]: Timed out receiving message from renderer: 0.100
[1623767149.071][SEVERE]: Timed out receiving message from renderer: 0.100
[1623767149.172][SEVERE]: Timed out receiving message from renderer: 0.100
[1623767149.470][SEVERE]: Timed out receiving message from renderer: 0.100
[1623767149.614][SEVERE]: Timed out receiving message from renderer: 0.100
[1623767149.716][SEVERE]: Timed out receiving message from renderer: 0.100
[1623767149.818][SEVERE]: Timed out receiving message from renderer: 0.100
[1623767151.313][SEVERE]: Timed out receiving message from renderer: 0.100
[1623767151.534][SEVERE]: Timed out receiving message from renderer: 0.100
[1623767151.719][SEVERE]: Timed out receiving message from renderer: 0.100
[1623767151.825][SEVERE]: Timed out receiving message from renderer: 0.100
[1623767152.121][SEVERE]: Timed out receiving message from renderer: 0.100
]]></system-err>
  </testcase>
  <testcase name="Web - Login Fail Scenarios #3" classname="Web - Login" time="10.6">
    <error message="Timed out waiting for driver server to shutdown.&#10;Build info: version: &apos;4.0.0-alpha-7&apos;, revision: &apos;de8579b6d5&apos;&#10;System info: host: &apos;Mac110903&apos;, ip: &apos;fe80:0:0:0:18ac:6a8a:e21a:ee73%en0&apos;, os.name: &apos;Mac OS X&apos;, os.arch: &apos;x86_64&apos;, os.version: &apos;10.14.5&apos;, java.version: &apos;1.8.0_201&apos;&#10;Driver info: driver.version: ChromiumDriver" type="org.openqa.selenium.WebDriverException"><![CDATA[org.openqa.selenium.WebDriverException: 
Timed out waiting for driver server to shutdown.
Build info: version: '4.0.0-alpha-7', revision: 'de8579b6d5'
System info: host: 'Mac110903', ip: 'fe80:0:0:0:18ac:6a8a:e21a:ee73%en0', os.name: 'Mac OS X', os.arch: 'x86_64', os.version: '10.14.5', java.version: '1.8.0_201'
Driver info: driver.version: ChromiumDriver
Caused by: org.openqa.selenium.net.UrlChecker$TimeoutException: Timed out waiting for http://localhost:45413/shutdown to become unavailable after 3000 ms
Caused by: java.util.concurrent.TimeoutException
]]></error>
    <system-out><![CDATA[
@web @login
Scenario Outline: Web - Login Fail Scenarios                                                                                    &amp#27;[90m# src/test/resources/features/web/login.feature:24&amp#27;[0m
  &amp#27;[32mGiven &amp#27;[0m&amp#27;[32mYS User open the Login Page&amp#27;[0m                                                                                             &amp#27;[90m# stepdefinitions.login.LoginSteps.ysUserOpenTheLoginPage()&amp#27;[0m
  &amp#27;[32mAnd &amp#27;[0m&amp#27;[32mYS User try to login&amp#27;[0m                                                                                                      &amp#27;[90m# stepdefinitions.login.LoginSteps.ysUserTryToLogin(java.util.List<java.util.Map<java.lang.String, java.lang.String>>)&amp#27;[0m
  &amp#27;[32mThen &amp#27;[0m&amp#27;[32mYS User have fail message &amp#27;[0m&amp#27;[32m&amp#27;[1m"Hatalı giriş. Lütfen kullanıcı adı ve şifrenizi kontrol edip tekrar deneyiniz."&amp#27;[0m&amp#27;[32m at Login Page&amp#27;[0m &amp#27;[90m# stepdefinitions.login.LoginSteps.ysUserHaveFailMessageAtLoginPage(java.lang.String)&amp#27;[0m
      &amp#27;[31morg.openqa.selenium.WebDriverException: Timed out waiting for driver server to shutdown.
Build info: version: '4.0.0-alpha-7', revision: 'de8579b6d5'
System info: host: 'Mac110903', ip: 'fe80:0:0:0:18ac:6a8a:e21a:ee73%en0', os.name: 'Mac OS X', os.arch: 'x86_64', os.version: '10.14.5', java.version: '1.8.0_201'
Driver info: driver.version: ChromiumDriver
	at org.openqa.selenium.remote.service.DriverService.stop(DriverService.java:257)
	at org.openqa.selenium.remote.service.DriverCommandExecutor.execute(DriverCommandExecutor.java:113)
	at org.openqa.selenium.remote.RemoteWebDriver.execute(RemoteWebDriver.java:501)
	at org.openqa.selenium.remote.RemoteWebDriver.execute(RemoteWebDriver.java:558)
	at org.openqa.selenium.remote.RemoteWebDriver.execute(RemoteWebDriver.java:562)
	at org.openqa.selenium.remote.RemoteWebDriver.quit(RemoteWebDriver.java:398)
	at org.openqa.selenium.chromium.ChromiumDriver.quit(ChromiumDriver.java:243)
	at Hook.Hook.quitBrowser(Hook.java:36)
Caused by: org.openqa.selenium.net.UrlChecker$TimeoutException: Timed out waiting for http://localhost:45413/shutdown to become unavailable after 3000 ms
	at org.openqa.selenium.net.UrlChecker.waitUntilUnavailable(UrlChecker.java:131)
	at org.openqa.selenium.remote.service.DriverService.stop(DriverService.java:253)
	at org.openqa.selenium.remote.service.DriverCommandExecutor.execute(DriverCommandExecutor.java:113)
	at org.openqa.selenium.remote.RemoteWebDriver.execute(RemoteWebDriver.java:501)
	at org.openqa.selenium.remote.RemoteWebDriver.execute(RemoteWebDriver.java:558)
	at org.openqa.selenium.remote.RemoteWebDriver.execute(RemoteWebDriver.java:562)
	at org.openqa.selenium.remote.RemoteWebDriver.quit(RemoteWebDriver.java:398)
	at org.openqa.selenium.chromium.ChromiumDriver.quit(ChromiumDriver.java:243)
	at Hook.Hook.quitBrowser(Hook.java:36)
	at sun.reflect.NativeMethodAccessorImpl.invoke0(Native Method)
	at sun.reflect.NativeMethodAccessorImpl.invoke(NativeMethodAccessorImpl.java:62)
	at sun.reflect.DelegatingMethodAccessorImpl.invoke(DelegatingMethodAccessorImpl.java:43)
	at java.lang.reflect.Method.invoke(Method.java:498)
	at io.cucumber.java.Invoker.doInvoke(Invoker.java:66)
	at io.cucumber.java.Invoker.invoke(Invoker.java:24)
	at io.cucumber.java.AbstractGlueDefinition.invokeMethod(AbstractGlueDefinition.java:47)
	at io.cucumber.java.JavaHookDefinition.execute(JavaHookDefinition.java:59)
	at io.cucumber.core.runner.CoreHookDefinition.execute(CoreHookDefinition.java:46)
	at io.cucumber.core.runner.HookDefinitionMatch.runStep(HookDefinitionMatch.java:21)
	at io.cucumber.core.runner.ExecutionMode$1.execute(ExecutionMode.java:10)
	at io.cucumber.core.runner.TestStep.executeStep(TestStep.java:92)
	at io.cucumber.core.runner.TestStep.run(TestStep.java:64)
	at io.cucumber.core.runner.TestCase.run(TestCase.java:110)
	at io.cucumber.core.runner.Runner.runPickle(Runner.java:71)
	at io.cucumber.junit.PickleRunners$NoStepDescriptions.run(PickleRunners.java:151)
	at io.cucumber.junit.FeatureRunner.runChild(FeatureRunner.java:135)
	at io.cucumber.junit.FeatureRunner.runChild(FeatureRunner.java:27)
	at org.junit.runners.ParentRunner$4.run(ParentRunner.java:331)
	at org.junit.runners.ParentRunner$1.schedule(ParentRunner.java:79)
	at org.junit.runners.ParentRunner.runChildren(ParentRunner.java:329)
	at org.junit.runners.ParentRunner.access$100(ParentRunner.java:66)
	at org.junit.runners.ParentRunner$2.evaluate(ParentRunner.java:293)
	at org.junit.runners.ParentRunner$3.evaluate(ParentRunner.java:306)
	at org.junit.runners.ParentRunner.run(ParentRunner.java:413)
	at io.cucumber.junit.Cucumber.runChild(Cucumber.java:199)
	at io.cucumber.junit.Cucumber.runChild(Cucumber.java:90)
	at org.junit.runners.ParentRunner$4.run(ParentRunner.java:331)
	at org.apache.maven.surefire.junitcore.pc.Scheduler$1.run(Scheduler.java:405)
	at java.util.concurrent.Executors$RunnableAdapter.call(Executors.java:511)
	at java.util.concurrent.FutureTask.run(FutureTask.java:266)
	at java.util.concurrent.ThreadPoolExecutor.runWorker(ThreadPoolExecutor.java:1149)
	at java.util.concurrent.ThreadPoolExecutor$Worker.run(ThreadPoolExecutor.java:624)
	at java.lang.Thread.run(Thread.java:748)
Caused by: java.util.concurrent.TimeoutException
	at java.util.concurrent.FutureTask.get(FutureTask.java:205)
	at org.openqa.selenium.net.UrlChecker.waitUntilUnavailable(UrlChecker.java:129)
	... 42 more
&amp#27;[0m
]]></system-out>
    <system-err><![CDATA[Starting ChromeDriver 80.0.3987.106 (f68069574609230cf9b635cd784cfb1bf81bb53a-refs/branch-heads/3987@{#882}) on port 45413
Only local connections are allowed.
Please protect ports used by ChromeDriver and related test frameworks to prevent access by malicious code.
[1623767154.689][WARNING]: FromSockAddr failed on netmask
Jun 15, 2021 5:25:56 PM org.openqa.selenium.remote.ProtocolHandshake createSession
INFO: Detected dialect: W3C
Jun 15, 2021 5:25:56 PM org.openqa.selenium.devtools.CdpVersionFinder findNearestMatch
WARNING: Unable to find an exact match for CDP version 80, so returning the closest version found: a no-op implementation
Jun 15, 2021 5:25:56 PM org.openqa.selenium.devtools.CdpVersionFinder findNearestMatch
INFO: Unable to find CDP implementation matching 80.
Jun 15, 2021 5:25:56 PM org.openqa.selenium.chromium.ChromiumDriver lambda$new$0
WARNING: Unable to find version of CDP to use for . You may need to include a dependency on a specific version of the CDP using something similar to `org.seleniumhq.selenium:selenium-devtools-v86:4.0.0-alpha-7` where the version ("v86") matches the version of the chromium-based browser you're using and the version number of the artifact is the same as Selenium's.
[1623767157.863][SEVERE]: Timed out receiving message from renderer: 0.100
[1623767157.964][SEVERE]: Timed out receiving message from renderer: 0.100
[1623767158.066][SEVERE]: Timed out receiving message from renderer: 0.100
[1623767158.625][SEVERE]: Timed out receiving message from renderer: 0.100
[1623767158.859][SEVERE]: Timed out receiving message from renderer: 0.100
[1623767158.961][SEVERE]: Timed out receiving message from renderer: 0.100
[1623767159.942][SEVERE]: Timed out receiving message from renderer: 0.100
[1623767160.043][SEVERE]: Timed out receiving message from renderer: 0.100
[1623767160.144][SEVERE]: Timed out receiving message from renderer: 0.100
[1623767160.245][SEVERE]: Timed out receiving message from renderer: 0.100
[1623767160.548][SEVERE]: Timed out receiving message from renderer: 0.100
[1623767160.649][SEVERE]: Timed out receiving message from renderer: 0.100
[1623767160.750][SEVERE]: Timed out receiving message from renderer: 0.100
]]></system-err>
  </testcase>
  <testcase name="Web - Login Fail Scenarios with fail case for report" classname="Web - Login" time="11.45">
    <failure message="fail message should be : Hatalı giriş. expected:&lt;Hatalı giriş.[]&gt; but was:&lt;Hatalı giriş.[ Lütfen kullanıcı adı ve şifrenizi kontrol edip tekrar deneyiniz.]&gt;" type="org.junit.ComparisonFailure"><![CDATA[org.junit.ComparisonFailure: fail message should be : Hatalı giriş. expected:<Hatalı giriş.[]> but was:<Hatalı giriş.[ Lütfen kullanıcı adı ve şifrenizi kontrol edip tekrar deneyiniz.]>
]]></failure>
    <system-out><![CDATA[
@web @login
Scenario: Web - Login Fail Scenarios with fail case for report &amp#27;[90m# src/test/resources/features/web/login.feature:28&amp#27;[0m
  &amp#27;[32mGiven &amp#27;[0m&amp#27;[32mYS User open the Login Page&amp#27;[0m                            &amp#27;[90m# stepdefinitions.login.LoginSteps.ysUserOpenTheLoginPage()&amp#27;[0m
  &amp#27;[32mAnd &amp#27;[0m&amp#27;[32mYS User try to login&amp#27;[0m                                     &amp#27;[90m# stepdefinitions.login.LoginSteps.ysUserTryToLogin(java.util.List<java.util.Map<java.lang.String, java.lang.String>>)&amp#27;[0m
  &amp#27;[31mThen &amp#27;[0m&amp#27;[31mYS User have fail message &amp#27;[0m&amp#27;[31m&amp#27;[1m"Hatalı giriş."&amp#27;[0m&amp#27;[31m at Login Page&amp#27;[0m &amp#27;[90m# stepdefinitions.login.LoginSteps.ysUserHaveFailMessageAtLoginPage(java.lang.String)&amp#27;[0m
      &amp#27;[31morg.junit.ComparisonFailure: fail message should be : Hatalı giriş. expected:<Hatalı giriş.[]> but was:<Hatalı giriş.[ Lütfen kullanıcı adı ve şifrenizi kontrol edip tekrar deneyiniz.]>
	at org.junit.Assert.assertEquals(Assert.java:117)
	at pages.login.LoginPage.checkFailMessageAs(LoginPage.java:41)
	at stepdefinitions.login.LoginSteps.ysUserHaveFailMessageAtLoginPage(LoginSteps.java:39)
	at ✽.YS User have fail message "Hatalı giriş." at Login Page(file:///Users/busra.ozdemir/Music/testcucumber1/src/test/resources/features/web/login.feature:33)
&amp#27;[0m

    Embedding Web_-_Login_Fail_Scenarios_with_fail_case_for_report [image/png 1142482 bytes]

]]></system-out>
    <system-err><![CDATA[Starting ChromeDriver 80.0.3987.106 (f68069574609230cf9b635cd784cfb1bf81bb53a-refs/branch-heads/3987@{#882}) on port 34940
Only local connections are allowed.
Please protect ports used by ChromeDriver and related test frameworks to prevent access by malicious code.
[1623767167.176][WARNING]: FromSockAddr failed on netmask
Jun 15, 2021 5:26:08 PM org.openqa.selenium.remote.ProtocolHandshake createSession
INFO: Detected dialect: W3C
Jun 15, 2021 5:26:08 PM org.openqa.selenium.devtools.CdpVersionFinder findNearestMatch
WARNING: Unable to find an exact match for CDP version 80, so returning the closest version found: a no-op implementation
Jun 15, 2021 5:26:08 PM org.openqa.selenium.devtools.CdpVersionFinder findNearestMatch
INFO: Unable to find CDP implementation matching 80.
Jun 15, 2021 5:26:08 PM org.openqa.selenium.chromium.ChromiumDriver lambda$new$0
WARNING: Unable to find version of CDP to use for . You may need to include a dependency on a specific version of the CDP using something similar to `org.seleniumhq.selenium:selenium-devtools-v86:4.0.0-alpha-7` where the version ("v86") matches the version of the chromium-based browser you're using and the version number of the artifact is the same as Selenium's.
[1623767170.297][SEVERE]: Timed out receiving message from renderer: 0.100
[1623767170.398][SEVERE]: Timed out receiving message from renderer: 0.100
[1623767170.499][SEVERE]: Timed out receiving message from renderer: 0.100
[1623767171.077][SEVERE]: Timed out receiving message from renderer: 0.100
[1623767171.239][SEVERE]: Timed out receiving message from renderer: 0.100
[1623767171.340][SEVERE]: Timed out receiving message from renderer: 0.100
[1623767171.441][SEVERE]: Timed out receiving message from renderer: 0.100
[1623767171.681][SEVERE]: Timed out receiving message from renderer: 0.100
[1623767172.364][SEVERE]: Timed out receiving message from renderer: 0.100
[1623767172.551][SEVERE]: Timed out receiving message from renderer: 0.100
[1623767172.652][SEVERE]: Timed out receiving message from renderer: 0.100
[1623767172.753][SEVERE]: Timed out receiving message from renderer: 0.100
[1623767172.903][SEVERE]: Timed out receiving message from renderer: 0.100
[1623767173.004][SEVERE]: Timed out receiving message from renderer: 0.100
[1623767173.146][SEVERE]: Timed out receiving message from renderer: 0.100
[1623767173.262][SEVERE]: Timed out receiving message from renderer: 0.100
[1623767173.363][SEVERE]: Timed out receiving message from renderer: 0.100
]]></system-err>
  </testcase>
</testsuite>