<?xml version="1.0" encoding="UTF-8"?>
<testsuite xmlns:xsi="http://www.w3.org/2001/XMLSchema-instance" xsi:noNamespaceSchemaLocation="https://maven.apache.org/surefire/maven-failsafe-plugin/xsd/failsafe-test-report-3.0.xsd" version="3.0" name="Web - Added Favorite Restaurant" time="34.796" tests="1" errors="1" skipped="0" failures="0">
  <properties>
[...]
</properties>
  <testcase name="AddedFavoriteRestaurant - Added Favorite Restaurant Success" classname="Web - Added Favorite Restaurant" time="34.796">
    <error message="no such element: Unable to locate element: {&quot;method&quot;:&quot;xpath&quot;,&quot;selector&quot;:&quot;//*[@class=&apos;social-button favorite-button add active&apos;]&quot;}&#10;  (Session info: chrome=80.0.3987.132)&#10;For documentation on this error, please visit: https://selenium.dev/exceptions/#no_such_element&#10;Build info: version: &apos;4.0.0-alpha-7&apos;, revision: &apos;de8579b6d5&apos;&#10;System info: host: &apos;Mac110903&apos;, ip: &apos;fe80:0:0:0:18ac:6a8a:e21a:ee73%en0&apos;, os.name: &apos;Mac OS X&apos;, os.arch: &apos;x86_64&apos;, os.version: &apos;10.14.5&apos;, java.version: &apos;1.8.0_201&apos;&#10;Driver info: org.openqa.selenium.chrome.ChromeDriver&#10;Capabilities {acceptInsecureCerts: false, browserName: chrome, browserVersion: 80.0.3987.132, chrome: {chromedriverVersion: 80.0.3987.106 (f68069574609..., userDataDir: /var/folders/0r/qt7_m72n1tv...}, goog:chromeOptions: {debuggerAddress: localhost:61807}, javascriptEnabled: true, networkConnectionEnabled: false, pageLoadStrategy: normal, platform: MAC, platformName: MAC, proxy: Proxy(), setWindowRect: true, strictFileInteractability: false, timeouts: {implicit: 0, pageLoad: 300000, script: 30000}, unhandledPromptBehavior: dismiss and notify}&#10;Session ID: 2cd25b5896f2b8c240b2021eeae51599&#10;*** Element info: {Using=xpath, value=//*[@class=&apos;social-button favorite-button add active&apos;]}" type="org.openqa.selenium.NoSuchElementException"><![CDATA[org.openqa.selenium.NoSuchElementException: 
no such element: Unable to locate element: {"method":"xpath","selector":"//*[@class='social-button favorite-button add active']"}
  (Session info: chrome=80.0.3987.132)
For documentation on this error, please visit: https://selenium.dev/exceptions/#no_such_element
Build info: version: '4.0.0-alpha-7', revision: 'de8579b6d5'
System info: host: 'Mac110903', ip: 'fe80:0:0:0:18ac:6a8a:e21a:ee73%en0', os.name: 'Mac OS X', os.arch: 'x86_64', os.version: '10.14.5', java.version: '1.8.0_201'
Driver info: org.openqa.selenium.chrome.ChromeDriver
Capabilities {acceptInsecureCerts: false, browserName: chrome, browserVersion: 80.0.3987.132, chrome: {chromedriverVersion: 80.0.3987.106 (f68069574609..., userDataDir: /var/folders/0r/qt7_m72n1tv...}, goog:chromeOptions: {debuggerAddress: localhost:61807}, javascriptEnabled: true, networkConnectionEnabled: false, pageLoadStrategy: normal, platform: MAC, platformName: MAC, proxy: Proxy(), setWindowRect: true, strictFileInteractability: false, timeouts: {implicit: 0, pageLoad: 300000, script: 30000}, unhandledPromptBehavior: dismiss and notify}
Session ID: 2cd25b5896f2b8c240b2021eeae51599
*** Element info: {Using=xpath, value=//*[@class='social-button favorite-button add active']}
]]></error>
    <system-out><![CDATA[Jun 15, 2021 5:26:18 PM tech.grasshopper.pdf.PDFCucumberReport collectReportConfiguration
INFO: PDF report configuration not found. Using default settings.

Jun 15, 2021 5:26:21 PM tech.grasshopper.pdf.extent.ExtentPDFCucumberReporter flush
SEVERE: An exception occurred
java.lang.IllegalArgumentException: U+0131 ('dotlessi') is not available in this font Helvetica-Oblique encoding: WinAnsiEncoding
	at org.apache.pdfbox.pdmodel.font.PDType1Font.encode(PDType1Font.java:418)
	at org.apache.pdfbox.pdmodel.font.PDFont.encode(PDFont.java:332)
	at org.apache.pdfbox.pdmodel.font.PDFont.getStringWidth(PDFont.java:363)
	at tech.grasshopper.pdf.optimizer.TextLengthOptimizer.doesTextFitInSpace(TextLengthOptimizer.java:41)
	at tech.grasshopper.pdf.optimizer.TextLengthOptimizer.optimizeText(TextLengthOptimizer.java:50)
	at tech.grasshopper.pdf.chapter.detailed.StepOrHookRow.generateName(StepOrHookRow.java:80)
	at tech.grasshopper.pdf.chapter.detailed.StepRow.generateTextOutput(StepRow.java:25)
	at tech.grasshopper.pdf.chapter.detailed.StepOrHookRow.generateRow(StepOrHookRow.java:45)
	at tech.grasshopper.pdf.chapter.detailed.DetailedRowComponent.display(DetailedRowComponent.java:83)
	at tech.grasshopper.pdf.chapter.detailed.DetailedPage.lambda$0(DetailedPage.java:42)
	at java.util.ArrayList.forEach(ArrayList.java:1257)
	at tech.grasshopper.pdf.chapter.detailed.DetailedPage.createPage(DetailedPage.java:39)
	at tech.grasshopper.pdf.chapter.detailed.DetailedChapter.sendToPage(DetailedChapter.java:115)
	at tech.grasshopper.pdf.chapter.detailed.DetailedChapter.createAndSendPageData(DetailedChapter.java:50)
	at tech.grasshopper.pdf.chapter.detailed.DetailedChapter.createChapter(DetailedChapter.java:28)
	at tech.grasshopper.pdf.PDFCucumberReport.lambda$0(PDFCucumberReport.java:98)
	at java.util.ArrayList.forEach(ArrayList.java:1257)
	at tech.grasshopper.pdf.PDFCucumberReport.createReport(PDFCucumberReport.java:98)
	at tech.grasshopper.pdf.extent.ExtentPDFCucumberReporter.flush(ExtentPDFCucumberReporter.java:66)
	at tech.grasshopper.pdf.extent.ExtentPDFCucumberReporter.access$100(ExtentPDFCucumberReporter.java:17)
	at tech.grasshopper.pdf.extent.ExtentPDFCucumberReporter$1.onNext(ExtentPDFCucumberReporter.java:42)
	at tech.grasshopper.pdf.extent.ExtentPDFCucumberReporter$1.onNext(ExtentPDFCucumberReporter.java:35)
	at io.reactivex.rxjava3.subjects.PublishSubject$PublishDisposable.onNext(PublishSubject.java:310)
	at io.reactivex.rxjava3.subjects.PublishSubject.onNext(PublishSubject.java:226)
	at com.aventstack.extentreports.ReactiveSubject.onFlush(ReactiveSubject.java:83)
	at com.aventstack.extentreports.AbstractProcessor.onFlush(AbstractProcessor.java:85)
	at com.aventstack.extentreports.ExtentReports.flush(ExtentReports.java:284)
	at com.aventstack.extentreports.cucumber.adapter.ExtentCucumberAdapter.finishReport(ExtentCucumberAdapter.java:281)
	at com.aventstack.extentreports.cucumber.adapter.ExtentCucumberAdapter.access$600(ExtentCucumberAdapter.java:59)
	at com.aventstack.extentreports.cucumber.adapter.ExtentCucumberAdapter$8.receive(ExtentCucumberAdapter.java:128)
	at com.aventstack.extentreports.cucumber.adapter.ExtentCucumberAdapter$8.receive(ExtentCucumberAdapter.java:125)
	at io.cucumber.core.eventbus.AbstractEventPublisher.send(AbstractEventPublisher.java:51)
	at io.cucumber.core.eventbus.AbstractEventBus.send(AbstractEventBus.java:12)
	at io.cucumber.core.runtime.CucumberExecutionContext.emitTestRunFinished(CucumberExecutionContext.java:93)
	at io.cucumber.core.runtime.CucumberExecutionContext.finishTestRun(CucumberExecutionContext.java:74)
	at io.cucumber.junit.Cucumber$RunCucumber.evaluate(Cucumber.java:236)
	at org.junit.runners.ParentRunner$3.evaluate(ParentRunner.java:306)
	at org.junit.runners.ParentRunner.run(ParentRunner.java:413)
	at org.junit.runners.Suite.runChild(Suite.java:128)
	at org.junit.runners.Suite.runChild(Suite.java:27)
	at org.junit.runners.ParentRunner$4.run(ParentRunner.java:331)
	at org.apache.maven.surefire.junitcore.pc.Scheduler$1.run(Scheduler.java:405)
	at org.apache.maven.surefire.junitcore.pc.InvokerStrategy.schedule(InvokerStrategy.java:54)
	at org.apache.maven.surefire.junitcore.pc.Scheduler.schedule(Scheduler.java:362)
	at org.junit.runners.ParentRunner.runChildren(ParentRunner.java:329)
	at org.junit.runners.ParentRunner.access$100(ParentRunner.java:66)
	at org.junit.runners.ParentRunner$2.evaluate(ParentRunner.java:293)
	at org.junit.runners.ParentRunner$3.evaluate(ParentRunner.java:306)
	at org.junit.runners.ParentRunner.run(ParentRunner.java:413)
	at org.junit.runners.Suite.runChild(Suite.java:128)
	at org.junit.runners.Suite.runChild(Suite.java:27)
	at org.junit.runners.ParentRunner$4.run(ParentRunner.java:331)
	at org.apache.maven.surefire.junitcore.pc.Scheduler$1.run(Scheduler.java:405)
	at org.apache.maven.surefire.junitcore.pc.InvokerStrategy.schedule(InvokerStrategy.java:54)
	at org.apache.maven.surefire.junitcore.pc.Scheduler.schedule(Scheduler.java:362)
	at org.junit.runners.ParentRunner.runChildren(ParentRunner.java:329)
	at org.junit.runners.ParentRunner.access$100(ParentRunner.java:66)
	at org.junit.runners.ParentRunner$2.evaluate(ParentRunner.java:293)
	at org.junit.runners.ParentRunner$3.evaluate(ParentRunner.java:306)
	at org.junit.runners.ParentRunner.run(ParentRunner.java:413)
	at org.apache.maven.surefire.junitcore.pc.ParallelComputerBuilder$PC$1.run(ParallelComputerBuilder.java:590)
	at org.apache.maven.surefire.junitcore.JUnitCore.run(JUnitCore.java:55)
	at org.apache.maven.surefire.junitcore.JUnitCoreWrapper.createRequestAndRun(JUnitCoreWrapper.java:137)
	at org.apache.maven.surefire.junitcore.JUnitCoreWrapper.executeEager(JUnitCoreWrapper.java:107)
	at org.apache.maven.surefire.junitcore.JUnitCoreWrapper.execute(JUnitCoreWrapper.java:83)
	at org.apache.maven.surefire.junitcore.JUnitCoreWrapper.execute(JUnitCoreWrapper.java:75)
	at org.apache.maven.surefire.junitcore.JUnitCoreProvider.invoke(JUnitCoreProvider.java:157)
	at org.apache.maven.surefire.booter.ForkedBooter.runSuitesInProcess(ForkedBooter.java:428)
	at org.apache.maven.surefire.booter.ForkedBooter.execute(ForkedBooter.java:162)
	at org.apache.maven.surefire.booter.ForkedBooter.run(ForkedBooter.java:562)
	at org.apache.maven.surefire.booter.ForkedBooter.main(ForkedBooter.java:548)


Jun 15, 2021 5:26:21 PM org.apache.pdfbox.cos.COSDocument finalize
WARNING: Warning: You did not close a PDF Document

&amp#27;[32m&amp#27;[1m┌──────────────────────────────────────────────────────────────────────────┐&amp#27;[0m
&amp#27;[32m&amp#27;[1m│&amp#27;[0m View your Cucumber Report at:                                            &amp#27;[32m&amp#27;[1m│&amp#27;[0m
&amp#27;[32m&amp#27;[1m│&amp#27;[0m &amp#27;[1m&amp#27;[36m&amp#27;[4mhttps://reports.cucumber.io/reports/67e8720c-2a93-4cf5-9d43-ddf18336320f&amp#27;[0m &amp#27;[32m&amp#27;[1m│&amp#27;[0m
&amp#27;[32m&amp#27;[1m│&amp#27;[0m                                                                          &amp#27;[32m&amp#27;[1m│&amp#27;[0m
&amp#27;[32m&amp#27;[1m│&amp#27;[0m &amp#27;[1mThis report will self-destruct in 24h.&amp#27;[0m                                   &amp#27;[32m&amp#27;[1m│&amp#27;[0m
&amp#27;[32m&amp#27;[1m│&amp#27;[0m Keep reports forever: &amp#27;[4m&amp#27;[1m&amp#27;[36mhttps://reports.cucumber.io/profile&amp#27;[0m                &amp#27;[32m&amp#27;[1m│&amp#27;[0m
&amp#27;[32m&amp#27;[1m└──────────────────────────────────────────────────────────────────────────┘&amp#27;[0m

@web @myFavorite
Scenario: AddedFavoriteRestaurant - Added Favorite Restaurant Success &amp#27;[90m# src/test/resources/features/my_favorite_restaurant/added_my_favorite_restaurant.feature:4&amp#27;[0m
  &amp#27;[32mGiven &amp#27;[0m&amp#27;[32mYS User open the Login Page&amp#27;[0m                                   &amp#27;[90m# stepdefinitions.login.LoginSteps.ysUserOpenTheLoginPage()&amp#27;[0m
  &amp#27;[32mAnd &amp#27;[0m&amp#27;[32mYS User try to login&amp#27;[0m                                            &amp#27;[90m# stepdefinitions.login.LoginSteps.ysUserTryToLogin(java.util.List<java.util.Map<java.lang.String, java.lang.String>>)&amp#27;[0m
  &amp#27;[32mThen &amp#27;[0m&amp#27;[32mYS User should logged-in&amp#27;[0m                                       &amp#27;[90m# stepdefinitions.login.LoginSteps.ysUserShouldLoggedIn()&amp#27;[0m
  &amp#27;[32mAnd &amp#27;[0m&amp#27;[32mYS User close banabi popup&amp#27;[0m                                      &amp#27;[90m# stepdefinitions.myfavorite.MyFavoriteSteps.ysUserCloseBanabiPopup()&amp#27;[0m
  &amp#27;[32mAnd &amp#27;[0m&amp#27;[32mYS User choose location &amp#27;[0m&amp#27;[32m&amp#27;[1m"Merkez (Şirinevler Mah.)"&amp#27;[0m              &amp#27;[90m# stepdefinitions.myfavorite.MyFavoriteSteps.ysUserChooseLocation(java.lang.String)&amp#27;[0m
  &amp#27;[32mAnd &amp#27;[0m&amp#27;[32mYS User search &amp#27;[0m&amp#27;[32m&amp#27;[1m"döner"&amp#27;[0m                                          &amp#27;[90m# stepdefinitions.myfavorite.MyFavoriteSteps.ysUserSearch(java.lang.String)&amp#27;[0m
  &amp#27;[32mAnd &amp#27;[0m&amp#27;[32mYS User click first restaurant&amp#27;[0m                                  &amp#27;[90m# stepdefinitions.myfavorite.MyFavoriteSteps.ysUserClickFirstRestaurant()&amp#27;[0m
No success!
No success!
No success!
No success!
No success!
No success!
No success!
No success!
No success!
No success!
No success!
No success!
No success!
No success!
No success!
  &amp#27;[31mAnd &amp#27;[0m&amp#27;[31mYS User click added my favorite restaurant&amp#27;[0m                      &amp#27;[90m# stepdefinitions.myfavorite.MyFavoriteSteps.ysUserClickAddedMyFavoriteRestaurant()&amp#27;[0m
      &amp#27;[31morg.openqa.selenium.NoSuchElementException: no such element: Unable to locate element: {"method":"xpath","selector":"//*[@class='social-button favorite-button add active']"}
  (Session info: chrome=80.0.3987.132)
For documentation on this error, please visit: https://selenium.dev/exceptions/#no_such_element
Build info: version: '4.0.0-alpha-7', revision: 'de8579b6d5'
System info: host: 'Mac110903', ip: 'fe80:0:0:0:18ac:6a8a:e21a:ee73%en0', os.name: 'Mac OS X', os.arch: 'x86_64', os.version: '10.14.5', java.version: '1.8.0_201'
Driver info: org.openqa.selenium.chrome.ChromeDriver
Capabilities {acceptInsecureCerts: false, browserName: chrome, browserVersion: 80.0.3987.132, chrome: {chromedriverVersion: 80.0.3987.106 (f68069574609..., userDataDir: /var/folders/0r/qt7_m72n1tv...}, goog:chromeOptions: {debuggerAddress: localhost:61807}, javascriptEnabled: true, networkConnectionEnabled: false, pageLoadStrategy: normal, platform: MAC, platformName: MAC, proxy: Proxy(), setWindowRect: true, strictFileInteractability: false, timeouts: {implicit: 0, pageLoad: 300000, script: 30000}, unhandledPromptBehavior: dismiss and notify}
Session ID: 2cd25b5896f2b8c240b2021eeae51599
*** Element info: {Using=xpath, value=//*[@class='social-button favorite-button add active']}
	at sun.reflect.NativeConstructorAccessorImpl.newInstance0(Native Method)
	at sun.reflect.NativeConstructorAccessorImpl.newInstance(NativeConstructorAccessorImpl.java:62)
	at sun.reflect.DelegatingConstructorAccessorImpl.newInstance(DelegatingConstructorAccessorImpl.java:45)
	at java.lang.reflect.Constructor.newInstance(Constructor.java:423)
	at org.openqa.selenium.remote.codec.w3c.W3CHttpResponseCodec.createException(W3CHttpResponseCodec.java:196)
	at org.openqa.selenium.remote.codec.w3c.W3CHttpResponseCodec.decode(W3CHttpResponseCodec.java:129)
	at org.openqa.selenium.remote.codec.w3c.W3CHttpResponseCodec.decode(W3CHttpResponseCodec.java:53)
	at org.openqa.selenium.remote.HttpCommandExecutor.execute(HttpCommandExecutor.java:167)
	at org.openqa.selenium.remote.service.DriverCommandExecutor.execute(DriverCommandExecutor.java:123)
	at org.openqa.selenium.remote.RemoteWebDriver.execute(RemoteWebDriver.java:501)
	at org.openqa.selenium.remote.RemoteWebDriver.findElement(RemoteWebDriver.java:332)
	at org.openqa.selenium.By$ByXPath.findElement(By.java:379)
	at org.openqa.selenium.remote.RemoteWebDriver.findElement(RemoteWebDriver.java:312)
	at utils.ElementUtils.onClick(ElementUtils.java:19)
	at pages.myfavorite.MyFavoritePage.clickAddedMyFavorite(MyFavoritePage.java:51)
	at stepdefinitions.myfavorite.MyFavoriteSteps.ysUserClickAddedMyFavoriteRestaurant(MyFavoriteSteps.java:45)
	at ✽.YS User click added my favorite restaurant(file:///Users/busra.ozdemir/Music/testcucumber1/src/test/resources/features/my_favorite_restaurant/added_my_favorite_restaurant.feature:14)
&amp#27;[0m
  &amp#27;[36mThen &amp#27;[0m&amp#27;[36mYS User should have &amp#27;[0m&amp#27;[36m&amp#27;[1m"Favorilerden Çıkar"&amp#27;[0m                       &amp#27;[90m# stepdefinitions.myfavorite.MyFavoriteSteps.ysUserShouldHave(java.lang.String)&amp#27;[0m

    Embedding AddedFavoriteRestaurant_-_Added_Favorite_Restaurant_Success [image/png 619306 bytes]

]]></system-out>
    <system-err><![CDATA[SLF4J: Failed to load class "org.slf4j.impl.StaticLoggerBinder".
SLF4J: Defaulting to no-operation (NOP) logger implementation
SLF4J: See http://www.slf4j.org/codes.html#StaticLoggerBinder for further details.
Starting ChromeDriver 80.0.3987.106 (f68069574609230cf9b635cd784cfb1bf81bb53a-refs/branch-heads/3987@{#882}) on port 34165
Only local connections are allowed.
Please protect ports used by ChromeDriver and related test frameworks to prevent access by malicious code.
[1623767126.969][WARNING]: FromSockAddr failed on netmask
Jun 15, 2021 5:25:29 PM org.openqa.selenium.remote.ProtocolHandshake createSession
INFO: Detected dialect: W3C
Jun 15, 2021 5:25:29 PM org.openqa.selenium.devtools.CdpVersionFinder findNearestMatch
WARNING: Unable to find an exact match for CDP version 80, so returning the closest version found: a no-op implementation
Jun 15, 2021 5:25:29 PM org.openqa.selenium.devtools.CdpVersionFinder findNearestMatch
INFO: Unable to find CDP implementation matching 80.
Jun 15, 2021 5:25:29 PM org.openqa.selenium.chromium.ChromiumDriver lambda$new$0
WARNING: Unable to find version of CDP to use for . You may need to include a dependency on a specific version of the CDP using something similar to `org.seleniumhq.selenium:selenium-devtools-v86:4.0.0-alpha-7` where the version ("v86") matches the version of the chromium-based browser you're using and the version number of the artifact is the same as Selenium's.
[1623767130.444][SEVERE]: Timed out receiving message from renderer: 0.100
[1623767130.558][SEVERE]: Timed out receiving message from renderer: 0.100
[1623767130.659][SEVERE]: Timed out receiving message from renderer: 0.100
[1623767130.760][SEVERE]: Timed out receiving message from renderer: 0.100
[1623767130.861][SEVERE]: Timed out receiving message from renderer: 0.100
[1623767131.260][SEVERE]: Timed out receiving message from renderer: 0.100
[1623767131.420][SEVERE]: Timed out receiving message from renderer: 0.100
[1623767131.530][SEVERE]: Timed out receiving message from renderer: 0.100
[1623767131.683][SEVERE]: Timed out receiving message from renderer: 0.100
[1623767131.784][SEVERE]: Timed out receiving message from renderer: 0.100
[1623767131.886][SEVERE]: Timed out receiving message from renderer: 0.100
[1623767132.106][SEVERE]: Timed out receiving message from renderer: 0.100
[1623767132.231][SEVERE]: Timed out receiving message from renderer: 0.100
[1623767132.332][SEVERE]: Timed out receiving message from renderer: 0.100
[1623767132.433][SEVERE]: Timed out receiving message from renderer: 0.100
[1623767132.534][SEVERE]: Timed out receiving message from renderer: 0.100
[1623767132.635][SEVERE]: Timed out receiving message from renderer: 0.100
[1623767132.736][SEVERE]: Timed out receiving message from renderer: 0.100
[1623767132.837][SEVERE]: Timed out receiving message from renderer: 0.100
[1623767132.938][SEVERE]: Timed out receiving message from renderer: 0.100
[1623767133.039][SEVERE]: Timed out receiving message from renderer: 0.100
[1623767133.140][SEVERE]: Timed out receiving message from renderer: 0.100
[1623767133.241][SEVERE]: Timed out receiving message from renderer: 0.100
[1623767133.342][SEVERE]: Timed out receiving message from renderer: 0.100
[1623767133.443][SEVERE]: Timed out receiving message from renderer: 0.100
[1623767133.545][SEVERE]: Timed out receiving message from renderer: 0.100
[1623767133.646][SEVERE]: Timed out receiving message from renderer: 0.100
[1623767133.747][SEVERE]: Timed out receiving message from renderer: 0.100
[1623767133.848][SEVERE]: Timed out receiving message from renderer: 0.100
[1623767134.645][SEVERE]: Timed out receiving message from renderer: 0.100
[1623767134.746][SEVERE]: Timed out receiving message from renderer: 0.100
[1623767134.847][SEVERE]: Timed out receiving message from renderer: 0.100
[1623767134.948][SEVERE]: Timed out receiving message from renderer: 0.100
[1623767135.049][SEVERE]: Timed out receiving message from renderer: 0.100
[1623767135.151][SEVERE]: Timed out receiving message from renderer: 0.100
[1623767135.252][SEVERE]: Timed out receiving message from renderer: 0.100
[1623767135.353][SEVERE]: Timed out receiving message from renderer: 0.100
[1623767135.454][SEVERE]: Timed out receiving message from renderer: 0.100
[1623767135.573][SEVERE]: Timed out receiving message from renderer: 0.100
[1623767135.674][SEVERE]: Timed out receiving message from renderer: 0.100
[1623767135.776][SEVERE]: Timed out receiving message from renderer: 0.100
[1623767135.877][SEVERE]: Timed out receiving message from renderer: 0.100
[1623767135.978][SEVERE]: Timed out receiving message from renderer: 0.100
[1623767136.137][SEVERE]: Timed out receiving message from renderer: 0.100
[1623767136.239][SEVERE]: Timed out receiving message from renderer: 0.100
[1623767136.341][SEVERE]: Timed out receiving message from renderer: 0.100
[1623767140.309][SEVERE]: Timed out receiving message from renderer: 0.100
[1623767140.410][SEVERE]: Timed out receiving message from renderer: 0.100
[1623767140.511][SEVERE]: Timed out receiving message from renderer: 0.100
[1623767140.650][SEVERE]: Timed out receiving message from renderer: 0.100
[1623767140.800][SEVERE]: Timed out receiving message from renderer: 0.100
[1623767147.642][SEVERE]: Timed out receiving message from renderer: 0.100
[1623767147.743][SEVERE]: Timed out receiving message from renderer: 0.100
[1623767147.845][SEVERE]: Timed out receiving message from renderer: 0.100
[1623767147.949][SEVERE]: Timed out receiving message from renderer: 0.100
[1623767148.303][SEVERE]: Timed out receiving message from renderer: 0.100
[1623767148.404][SEVERE]: Timed out receiving message from renderer: 0.100
[1623767152.459][SEVERE]: Timed out receiving message from renderer: 0.100
[1623767152.630][SEVERE]: Timed out receiving message from renderer: 0.100
[1623767152.732][SEVERE]: Timed out receiving message from renderer: 0.100
[1623767153.043][SEVERE]: Timed out receiving message from renderer: 0.100
]]></system-err>
  </testcase>
</testsuite>